start sensor read (type=11, pin=4).
init peak: 431
update peak: 5 (446)
update peak: 22 (513)
update peak: 29 (587)
bitCount=40, peak=587:
1 (431) 0 (148) 0 (148) 1 (360) 1 (446) 0 (150) 1 (418) 0 (077) 
0 (076) 0 (236) 0 (129) 0 (150) 0 (142) 0 (137) 0 (067) 0 (088) 
0 (125) 0 (232) 1 (440) 0 (145) 0 (206) 1 (513) 0 (231) 0 (266) 
0 (199) 0 (163) 0 (154) 0 (199) 1 (587) 1 (454) 0 (126) 0 (086) 
0 (233) 0 (212) 0 (072) 0 (062) 0 (184) 0 (059) 0 (205) 
=> 9a 0 24 c (0/ca) : ERR
*** unexpected data: bits=40: 0 != 154 + 0 + 36 + 12
start sensor read (type=11, pin=4).
*** timeout #2
start sensor read (type=11, pin=4).
*** timeout #2
start sensor read (type=11, pin=4).
init peak: 151
update peak: 2 (441)
update peak: 7 (442)
bitCount=41, peak=442:
0 (151) 1 (441) 0 (151) 0 (151) 0 (151) 0 (151) 1 (442) 0 (158) 
0 (151) 0 (151) 0 (151) 0 (151) 0 (151) 0 (151) 0 (151) 0 (157) 
0 (151) 0 (151) 0 (151) 1 (431) 0 (150) 0 (151) 1 (441) 0 (157) 
0 (151) 0 (151) 0 (151) 0 (151) 1 (442) 0 (151) 0 (145) 0 (157) 
0 (149) 1 (347) 0 (151) 1 (442) 1 (442) 1 (442) 0 (151) 0 (150) 

=> 42 0 12 8 (5c/5c) : OK
sensor type = 11, *** obtained readout successfully.
